== Info:   Trying 127.0.0.1...
== Info: Connected to 127.0.0.1 (127.0.0.1) port 8080 (#0)
=> Send header, 96 bytes (0x60)
0000: POST /back-end/login.py HTTP/1.1
0022: Host: 127.0.0.1:8080
0038: User-Agent: curl/7.47.0
0051: Accept: */*
005e: 
<= Recv header, 33 bytes (0x21)
0000: HTTP/1.1 405 Method Not Allowed
<= Recv header, 27 bytes (0x1b)
0000: Allow: GET, HEAD, OPTIONS
<= Recv header, 19 bytes (0x13)
0000: Content-Length: 0
<= Recv header, 37 bytes (0x25)
0000: Date: Fri, 01 Oct 2021 16:51:00 GMT
<= Recv header, 24 bytes (0x18)
0000: Connection: keep-alive
<= Recv header, 23 bytes (0x17)
0000: Keep-Alive: timeout=5
<= Recv header, 2 bytes (0x2)
0000: 
== Info: Connection #0 to host 127.0.0.1 left intact
